<?xml version="1.0" encoding="UTF-8"?>
<testng-results skipped="0" failed="0" total="1" passed="1">
  <reporter-output>
  </reporter-output>
  <suite name="KataNumerosRomanosTest" duration-ms="41" started-at="2016-08-19T02:02:30Z" finished-at="2016-08-19T02:02:30Z">
    <groups>
    </groups>
    <test name="Command line test" duration-ms="41" started-at="2016-08-19T02:02:30Z" finished-at="2016-08-19T02:02:30Z">
      <class name="KataNumerosRomanosTest">
        <test-method status="PASS" signature="descomposicionNumeros()[pri:0, instance:KataNumerosRomanosTest@16c0663d]" name="descomposicionNumeros" duration-ms="17" started-at="2016-08-18T21:02:30Z" finished-at="2016-08-18T21:02:30Z">
          <reporter-output>
          </reporter-output>
        </test-method> <!-- descomposicionNumeros -->
      </class> <!-- KataNumerosRomanosTest -->
    </test> <!-- Command line test -->
  </suite> <!-- KataNumerosRomanosTest -->
</testng-results>
