<?xml version="1.0" encoding="UTF-8"?>
<testng-results skipped="0" failed="0" total="1" passed="1">
  <reporter-output>
  </reporter-output>
  <suite name="PruebadePrueba" duration-ms="40" started-at="2016-08-19T00:29:54Z" finished-at="2016-08-19T00:29:54Z">
    <groups>
    </groups>
    <test name="Command line test" duration-ms="40" started-at="2016-08-19T00:29:54Z" finished-at="2016-08-19T00:29:54Z">
      <class name="PruebadePrueba">
        <test-method status="PASS" signature="ximena()[pri:0, instance:PruebadePrueba@16c0663d]" name="ximena" duration-ms="18" started-at="2016-08-18T19:29:54Z" finished-at="2016-08-18T19:29:54Z">
          <reporter-output>
          </reporter-output>
        </test-method> <!-- ximena -->
      </class> <!-- PruebadePrueba -->
    </test> <!-- Command line test -->
  </suite> <!-- PruebadePrueba -->
</testng-results>
